{"/Users/eyeline/WebstormProjects/GmmWeb/src/App.vue": {"path":"/Users/eyeline/WebstormProjects/GmmWeb/src/App.vue","statementMap":{"0":{"start":{"line":1,"column":1},"end":{"line":29,"column":4}},"1":{"start":{"line":4,"column":0},"end":{"line":6,"column":3}},"2":{"start":{"line":8,"column":27},"end":{"line":8,"column":70}},"3":{"start":{"line":10,"column":28},"end":{"line":10,"column":72}},"4":{"start":{"line":12,"column":39},"end":{"line":12,"column":93}},"5":{"start":{"line":14,"column":0},"end":{"line":19,"column":2}},"6":{"start":{"line":30,"column":0},"end":{"line":30,"column":70}},"7":{"start":{"line":30,"column":31},"end":{"line":30,"column":70}},"8":{"start":{"line":31,"column":24},"end":{"line":31,"column":100}},"9":{"start":{"line":32,"column":0},"end":{"line":32,"column":316}},"10":{"start":{"line":32,"column":54},"end":{"line":32,"column":58}},"11":{"start":{"line":32,"column":66},"end":{"line":32,"column":84}},"12":{"start":{"line":32,"column":92},"end":{"line":32,"column":108}},"13":{"start":{"line":32,"column":109},"end":{"line":32,"column":315}},"14":{"start":{"line":33,"column":0},"end":{"line":33,"column":37}}},"fnMap":{"0":{"name":"(anonymous_0)","decl":{"start":{"line":1,"column":2},"end":{"line":1,"column":3}},"loc":{"start":{"line":1,"column":12},"end":{"line":29,"column":1}},"line":1},"1":{"name":"_interopRequireDefault","decl":{"start":{"line":12,"column":9},"end":{"line":12,"column":31}},"loc":{"start":{"line":12,"column":37},"end":{"line":12,"column":95}},"line":12},"2":{"name":"render","decl":{"start":{"line":32,"column":35},"end":{"line":32,"column":41}},"loc":{"start":{"line":32,"column":45},"end":{"line":32,"column":316}},"line":32}},"branchMap":{"0":{"loc":{"start":{"line":12,"column":46},"end":{"line":12,"column":92}},"type":"cond-expr","locations":[{"start":{"line":12,"column":70},"end":{"line":12,"column":73}},{"start":{"line":12,"column":76},"end":{"line":12,"column":92}}],"line":12},"1":{"loc":{"start":{"line":12,"column":46},"end":{"line":12,"column":67}},"type":"binary-expr","locations":[{"start":{"line":12,"column":46},"end":{"line":12,"column":49}},{"start":{"line":12,"column":53},"end":{"line":12,"column":67}}],"line":12},"2":{"loc":{"start":{"line":30,"column":0},"end":{"line":30,"column":70}},"type":"if","locations":[{"start":{"line":30,"column":0},"end":{"line":30,"column":70}},{"start":{"line":30,"column":0},"end":{"line":30,"column":70}}],"line":30},"3":{"loc":{"start":{"line":31,"column":24},"end":{"line":31,"column":100}},"type":"cond-expr","locations":[{"start":{"line":31,"column":62},"end":{"line":31,"column":84}},{"start":{"line":31,"column":86},"end":{"line":31,"column":100}}],"line":31},"4":{"loc":{"start":{"line":32,"column":92},"end":{"line":32,"column":108}},"type":"binary-expr","locations":[{"start":{"line":32,"column":92},"end":{"line":32,"column":104}},{"start":{"line":32,"column":106},"end":{"line":32,"column":108}}],"line":32}},"s":{"0":0,"1":0,"2":0,"3":0,"4":0,"5":0,"6":0,"7":0,"8":0,"9":0,"10":0,"11":0,"12":0,"13":0,"14":0},"f":{"0":0,"1":0,"2":0},"b":{"0":[0,0],"1":[0,0],"2":[0,0],"3":[0,0],"4":[0,0]}}
,"/Users/eyeline/WebstormProjects/GmmWeb/src/components/Login.vue": {"path":"/Users/eyeline/WebstormProjects/GmmWeb/src/components/Login.vue","statementMap":{"0":{"start":{"line":30,"column":0},"end":{"line":null,"column":-1}},"1":{"start":{"line":31,"column":0},"end":{"line":null,"column":-1}},"2":{"start":{"line":37,"column":0},"end":{"line":null,"column":-1}},"3":{"start":{"line":54,"column":0},"end":{"line":null,"column":-1}},"4":{"start":{"line":59,"column":0},"end":{"line":null,"column":-1}},"5":{"start":{"line":60,"column":0},"end":{"line":68,"column":0}},"6":{"start":{"line":62,"column":0},"end":{"line":null,"column":-1}},"7":{"start":{"line":63,"column":0},"end":{"line":null,"column":-1}},"8":{"start":{"line":65,"column":0},"end":{"line":null,"column":-1}},"9":{"start":{"line":67,"column":0},"end":{"line":null,"column":-1}},"10":{"start":{"line":71,"column":0},"end":{"line":null,"column":-1}},"11":{"start":{"line":72,"column":0},"end":{"line":75,"column":0}},"12":{"start":{"line":73,"column":0},"end":{"line":null,"column":-1}},"13":{"start":{"line":74,"column":0},"end":{"line":null,"column":-1}},"14":{"start":{"line":76,"column":0},"end":{"line":null,"column":-1}},"15":{"start":{"line":77,"column":0},"end":{"line":null,"column":-1}},"16":{"start":{"line":78,"column":0},"end":{"line":null,"column":-1}},"17":{"start":{"line":81,"column":0},"end":{"line":null,"column":-1}},"18":{"start":{"line":84,"column":0},"end":{"line":null,"column":-1}}},"fnMap":{"0":{"name":"data","decl":{"start":{"line":36,"column":0},"end":{"line":null,"column":-1}},"loc":{"start":{"line":36,"column":0},"end":{"line":44,"column":0}}},"1":{"name":"status","decl":{"start":{"line":53,"column":0},"end":{"line":null,"column":-1}},"loc":{"start":{"line":53,"column":0},"end":{"line":58,"column":0}}},"2":{"name":"login","decl":{"start":{"line":59,"column":0},"end":{"line":null,"column":-1}},"loc":{"start":{"line":59,"column":0},"end":{"line":69,"column":0}}},"3":{"name":"(anonymous_5)","decl":{"start":{"line":60,"column":0},"end":{"line":null,"column":-1}},"loc":{"start":{"line":60,"column":0},"end":{"line":64,"column":0}}},"4":{"name":"(anonymous_6)","decl":{"start":{"line":64,"column":0},"end":{"line":null,"column":-1}},"loc":{"start":{"line":64,"column":0},"end":{"line":68,"column":0}}},"5":{"name":"loginSucess","decl":{"start":{"line":70,"column":0},"end":{"line":null,"column":-1}},"loc":{"start":{"line":70,"column":0},"end":{"line":79,"column":0}}},"6":{"name":"loginFail","decl":{"start":{"line":80,"column":0},"end":{"line":null,"column":-1}},"loc":{"start":{"line":80,"column":0},"end":{"line":82,"column":0}}},"7":{"name":"goTo","decl":{"start":{"line":83,"column":0},"end":{"line":null,"column":-1}},"loc":{"start":{"line":83,"column":0},"end":{"line":85,"column":0}}}},"branchMap":{"0":{"loc":{"start":{"line":72,"column":0},"end":{"line":75,"column":0}},"type":"if","locations":[{"start":{"line":72,"column":0},"end":{"line":75,"column":0}},{"start":{"line":72,"column":0},"end":{"line":75,"column":0}}]},"1":{"loc":{"start":{"line":78,"column":0},"end":{"line":null,"column":-1}},"type":"binary-expr","locations":[{"start":{"line":78,"column":0},"end":{"line":null,"column":-1}},{"start":{"line":78,"column":0},"end":{"line":null,"column":-1}}]}},"s":{"0":1,"1":1,"2":1,"3":0,"4":0,"5":0,"6":0,"7":0,"8":0,"9":0,"10":0,"11":0,"12":0,"13":0,"14":0,"15":0,"16":0,"17":0,"18":0},"f":{"0":1,"1":0,"2":0,"3":0,"4":0,"5":0,"6":0,"7":0},"b":{"0":[0,0],"1":[0,0]}}
,"/Users/eyeline/WebstormProjects/GmmWeb/src/components/TheLanguageSwitcher.vue": {"path":"/Users/eyeline/WebstormProjects/GmmWeb/src/components/TheLanguageSwitcher.vue","statementMap":{"0":{"start":{"line":15,"column":0},"end":{"line":null,"column":-1}},"1":{"start":{"line":20,"column":0},"end":{"line":null,"column":-1}},"2":{"start":{"line":23,"column":0},"end":{"line":null,"column":-1}},"3":{"start":{"line":27,"column":0},"end":{"line":null,"column":-1}},"4":{"start":{"line":28,"column":0},"end":{"line":null,"column":-1}},"5":{"start":{"line":29,"column":0},"end":{"line":null,"column":-1}},"6":{"start":{"line":30,"column":0},"end":{"line":32,"column":0}},"7":{"start":{"line":31,"column":0},"end":{"line":null,"column":-1}},"8":{"start":{"line":35,"column":0},"end":{"line":null,"column":-1}}},"fnMap":{"0":{"name":"supportedLanguages","decl":{"start":{"line":19,"column":0},"end":{"line":null,"column":-1}},"loc":{"start":{"line":19,"column":0},"end":{"line":21,"column":0}}},"1":{"name":"currentLanguage","decl":{"start":{"line":22,"column":0},"end":{"line":null,"column":-1}},"loc":{"start":{"line":22,"column":0},"end":{"line":24,"column":0}}},"2":{"name":"changeLanguage","decl":{"start":{"line":27,"column":0},"end":{"line":null,"column":-1}},"loc":{"start":{"line":27,"column":0},"end":{"line":33,"column":0}}},"3":{"name":"(anonymous_4)","decl":{"start":{"line":30,"column":0},"end":{"line":null,"column":-1}},"loc":{"start":{"line":30,"column":0},"end":{"line":32,"column":0}}},"4":{"name":"isCurrentLanguage","decl":{"start":{"line":34,"column":0},"end":{"line":null,"column":-1}},"loc":{"start":{"line":34,"column":0},"end":{"line":36,"column":0}}}},"branchMap":{},"s":{"0":1,"1":5,"2":5,"3":0,"4":0,"5":0,"6":0,"7":0,"8":30},"f":{"0":5,"1":5,"2":0,"3":0,"4":30},"b":{}}
,"/Users/eyeline/WebstormProjects/GmmWeb/src/constants/trans.js": {"path":"/Users/eyeline/WebstormProjects/GmmWeb/src/constants/trans.js","statementMap":{"0":{"start":{"line":2,"column":13},"end":{"line":2,"column":32}},"1":{"start":{"line":3,"column":13},"end":{"line":3,"column":34}}},"fnMap":{},"branchMap":{},"s":{"0":2,"1":2},"f":{},"b":{}}
,"/Users/eyeline/WebstormProjects/GmmWeb/src/pages/404.vue": {"path":"/Users/eyeline/WebstormProjects/GmmWeb/src/pages/404.vue","statementMap":{"0":{"start":{"line":1,"column":1},"end":{"line":3,"column":4}},"1":{"start":{"line":4,"column":0},"end":{"line":4,"column":70}},"2":{"start":{"line":4,"column":31},"end":{"line":4,"column":70}},"3":{"start":{"line":5,"column":24},"end":{"line":5,"column":100}},"4":{"start":{"line":6,"column":0},"end":{"line":6,"column":138}},"5":{"start":{"line":6,"column":54},"end":{"line":6,"column":58}},"6":{"start":{"line":6,"column":66},"end":{"line":6,"column":84}},"7":{"start":{"line":6,"column":92},"end":{"line":6,"column":108}},"8":{"start":{"line":6,"column":109},"end":{"line":6,"column":137}},"9":{"start":{"line":7,"column":0},"end":{"line":7,"column":175}},"10":{"start":{"line":7,"column":64},"end":{"line":7,"column":68}},"11":{"start":{"line":7,"column":76},"end":{"line":7,"column":94}},"12":{"start":{"line":7,"column":102},"end":{"line":7,"column":118}},"13":{"start":{"line":7,"column":119},"end":{"line":7,"column":173}}},"fnMap":{"0":{"name":"(anonymous_0)","decl":{"start":{"line":1,"column":2},"end":{"line":1,"column":3}},"loc":{"start":{"line":1,"column":12},"end":{"line":3,"column":1}},"line":1},"1":{"name":"render","decl":{"start":{"line":6,"column":35},"end":{"line":6,"column":41}},"loc":{"start":{"line":6,"column":45},"end":{"line":6,"column":138}},"line":6},"2":{"name":"render","decl":{"start":{"line":7,"column":45},"end":{"line":7,"column":51}},"loc":{"start":{"line":7,"column":55},"end":{"line":7,"column":174}},"line":7}},"branchMap":{"0":{"loc":{"start":{"line":4,"column":0},"end":{"line":4,"column":70}},"type":"if","locations":[{"start":{"line":4,"column":0},"end":{"line":4,"column":70}},{"start":{"line":4,"column":0},"end":{"line":4,"column":70}}],"line":4},"1":{"loc":{"start":{"line":5,"column":24},"end":{"line":5,"column":100}},"type":"cond-expr","locations":[{"start":{"line":5,"column":62},"end":{"line":5,"column":84}},{"start":{"line":5,"column":86},"end":{"line":5,"column":100}}],"line":5},"2":{"loc":{"start":{"line":6,"column":92},"end":{"line":6,"column":108}},"type":"binary-expr","locations":[{"start":{"line":6,"column":92},"end":{"line":6,"column":104}},{"start":{"line":6,"column":106},"end":{"line":6,"column":108}}],"line":6},"3":{"loc":{"start":{"line":7,"column":102},"end":{"line":7,"column":118}},"type":"binary-expr","locations":[{"start":{"line":7,"column":102},"end":{"line":7,"column":114}},{"start":{"line":7,"column":116},"end":{"line":7,"column":118}}],"line":7}},"s":{"0":0,"1":0,"2":0,"3":0,"4":0,"5":0,"6":0,"7":0,"8":0,"9":0,"10":0,"11":0,"12":0,"13":0},"f":{"0":0,"1":0,"2":0},"b":{"0":[0,0],"1":[0,0],"2":[0,0],"3":[0,0]}}
,"/Users/eyeline/WebstormProjects/GmmWeb/src/pages/HelloWorld.vue": {"path":"/Users/eyeline/WebstormProjects/GmmWeb/src/pages/HelloWorld.vue","statementMap":{"0":{"start":{"line":18,"column":0},"end":{"line":null,"column":-1}}},"fnMap":{},"branchMap":{},"s":{"0":1},"f":{},"b":{}}
,"/Users/eyeline/WebstormProjects/GmmWeb/src/pages/Home.vue": {"path":"/Users/eyeline/WebstormProjects/GmmWeb/src/pages/Home.vue","statementMap":{"0":{"start":{"line":1,"column":1},"end":{"line":15,"column":4}},"1":{"start":{"line":4,"column":0},"end":{"line":6,"column":3}},"2":{"start":{"line":12,"column":0},"end":{"line":14,"column":2}},"3":{"start":{"line":16,"column":0},"end":{"line":16,"column":70}},"4":{"start":{"line":16,"column":31},"end":{"line":16,"column":70}},"5":{"start":{"line":17,"column":24},"end":{"line":17,"column":100}},"6":{"start":{"line":18,"column":0},"end":{"line":18,"column":145}},"7":{"start":{"line":18,"column":54},"end":{"line":18,"column":58}},"8":{"start":{"line":18,"column":66},"end":{"line":18,"column":84}},"9":{"start":{"line":18,"column":92},"end":{"line":18,"column":108}},"10":{"start":{"line":18,"column":109},"end":{"line":18,"column":144}},"11":{"start":{"line":19,"column":0},"end":{"line":19,"column":37}}},"fnMap":{"0":{"name":"(anonymous_0)","decl":{"start":{"line":1,"column":2},"end":{"line":1,"column":3}},"loc":{"start":{"line":1,"column":12},"end":{"line":15,"column":1}},"line":1},"1":{"name":"render","decl":{"start":{"line":18,"column":35},"end":{"line":18,"column":41}},"loc":{"start":{"line":18,"column":45},"end":{"line":18,"column":145}},"line":18}},"branchMap":{"0":{"loc":{"start":{"line":16,"column":0},"end":{"line":16,"column":70}},"type":"if","locations":[{"start":{"line":16,"column":0},"end":{"line":16,"column":70}},{"start":{"line":16,"column":0},"end":{"line":16,"column":70}}],"line":16},"1":{"loc":{"start":{"line":17,"column":24},"end":{"line":17,"column":100}},"type":"cond-expr","locations":[{"start":{"line":17,"column":62},"end":{"line":17,"column":84}},{"start":{"line":17,"column":86},"end":{"line":17,"column":100}}],"line":17},"2":{"loc":{"start":{"line":18,"column":92},"end":{"line":18,"column":108}},"type":"binary-expr","locations":[{"start":{"line":18,"column":92},"end":{"line":18,"column":104}},{"start":{"line":18,"column":106},"end":{"line":18,"column":108}}],"line":18}},"s":{"0":0,"1":0,"2":0,"3":0,"4":0,"5":0,"6":0,"7":0,"8":0,"9":0,"10":0,"11":0},"f":{"0":0,"1":0},"b":{"0":[0,0],"1":[0,0],"2":[0,0]}}
,"/Users/eyeline/WebstormProjects/GmmWeb/src/pages/Register.vue": {"path":"/Users/eyeline/WebstormProjects/GmmWeb/src/pages/Register.vue","statementMap":{"0":{"start":{"line":1,"column":1},"end":{"line":170,"column":4}},"1":{"start":{"line":4,"column":0},"end":{"line":6,"column":3}},"2":{"start":{"line":8,"column":17},"end":{"line":8,"column":37}},"3":{"start":{"line":10,"column":18},"end":{"line":10,"column":53}},"4":{"start":{"line":12,"column":11},"end":{"line":12,"column":37}},"5":{"start":{"line":14,"column":12},"end":{"line":14,"column":40}},"6":{"start":{"line":16,"column":39},"end":{"line":16,"column":93}},"7":{"start":{"line":18,"column":0},"end":{"line":97,"column":2}},"8":{"start":{"line":22,"column":4},"end":{"line":32,"column":6}},"9":{"start":{"line":56,"column":18},"end":{"line":56,"column":41}},"10":{"start":{"line":58,"column":6},"end":{"line":62,"column":7}},"11":{"start":{"line":59,"column":8},"end":{"line":61,"column":10}},"12":{"start":{"line":65,"column":18},"end":{"line":65,"column":22}},"13":{"start":{"line":67,"column":6},"end":{"line":83,"column":9}},"14":{"start":{"line":68,"column":8},"end":{"line":72,"column":17}},"15":{"start":{"line":69,"column":10},"end":{"line":69,"column":90}},"16":{"start":{"line":70,"column":10},"end":{"line":70,"column":33}},"17":{"start":{"line":71,"column":10},"end":{"line":71,"column":32}},"18":{"start":{"line":73,"column":8},"end":{"line":73,"column":66}},"19":{"start":{"line":74,"column":8},"end":{"line":74,"column":39}},"20":{"start":{"line":76,"column":8},"end":{"line":81,"column":17}},"21":{"start":{"line":77,"column":10},"end":{"line":77,"column":48}},"22":{"start":{"line":79,"column":10},"end":{"line":79,"column":33}},"23":{"start":{"line":80,"column":10},"end":{"line":80,"column":32}},"24":{"start":{"line":82,"column":8},"end":{"line":82,"column":27}},"25":{"start":{"line":84,"column":6},"end":{"line":84,"column":29}},"26":{"start":{"line":85,"column":6},"end":{"line":85,"column":26}},"27":{"start":{"line":90,"column":6},"end":{"line":90,"column":23}},"28":{"start":{"line":92,"column":6},"end":{"line":94,"column":7}},"29":{"start":{"line":93,"column":8},"end":{"line":93,"column":24}},"30":{"start":{"line":171,"column":0},"end":{"line":171,"column":70}},"31":{"start":{"line":171,"column":31},"end":{"line":171,"column":70}},"32":{"start":{"line":172,"column":24},"end":{"line":172,"column":100}},"33":{"start":{"line":173,"column":0},"end":{"line":173,"column":3536}},"34":{"start":{"line":173,"column":54},"end":{"line":173,"column":58}},"35":{"start":{"line":173,"column":66},"end":{"line":173,"column":84}},"36":{"start":{"line":173,"column":92},"end":{"line":173,"column":108}},"37":{"start":{"line":173,"column":109},"end":{"line":173,"column":3535}},"38":{"start":{"line":173,"column":215},"end":{"line":173,"column":239}},"39":{"start":{"line":173,"column":239},"end":{"line":173,"column":263}},"40":{"start":{"line":173,"column":850},"end":{"line":173,"column":884}},"41":{"start":{"line":173,"column":1584},"end":{"line":173,"column":1619}},"42":{"start":{"line":173,"column":2229},"end":{"line":173,"column":2262}},"43":{"start":{"line":173,"column":2843},"end":{"line":173,"column":2875}},"44":{"start":{"line":173,"column":3474},"end":{"line":173,"column":3494}},"45":{"start":{"line":174,"column":0},"end":{"line":174,"column":37}}},"fnMap":{"0":{"name":"(anonymous_0)","decl":{"start":{"line":1,"column":2},"end":{"line":1,"column":3}},"loc":{"start":{"line":1,"column":12},"end":{"line":170,"column":1}},"line":1},"1":{"name":"_interopRequireDefault","decl":{"start":{"line":16,"column":9},"end":{"line":16,"column":31}},"loc":{"start":{"line":16,"column":37},"end":{"line":16,"column":95}},"line":16},"2":{"name":"data","decl":{"start":{"line":21,"column":17},"end":{"line":21,"column":21}},"loc":{"start":{"line":21,"column":24},"end":{"line":33,"column":3}},"line":21},"3":{"name":"getValidationClass","decl":{"start":{"line":55,"column":33},"end":{"line":55,"column":51}},"loc":{"start":{"line":55,"column":63},"end":{"line":63,"column":5}},"line":55},"4":{"name":"saveUser","decl":{"start":{"line":64,"column":23},"end":{"line":64,"column":31}},"loc":{"start":{"line":64,"column":34},"end":{"line":88,"column":5}},"line":64},"5":{"name":"(anonymous_5)","decl":{"start":{"line":67,"column":59},"end":{"line":67,"column":60}},"loc":{"start":{"line":67,"column":75},"end":{"line":75,"column":7}},"line":67},"6":{"name":"(anonymous_6)","decl":{"start":{"line":68,"column":26},"end":{"line":68,"column":27}},"loc":{"start":{"line":68,"column":38},"end":{"line":72,"column":9}},"line":68},"7":{"name":"(anonymous_7)","decl":{"start":{"line":75,"column":15},"end":{"line":75,"column":16}},"loc":{"start":{"line":75,"column":32},"end":{"line":83,"column":7}},"line":75},"8":{"name":"(anonymous_8)","decl":{"start":{"line":76,"column":26},"end":{"line":76,"column":27}},"loc":{"start":{"line":76,"column":38},"end":{"line":81,"column":9}},"line":76},"9":{"name":"validateUser","decl":{"start":{"line":89,"column":27},"end":{"line":89,"column":39}},"loc":{"start":{"line":89,"column":42},"end":{"line":95,"column":5}},"line":89},"10":{"name":"render","decl":{"start":{"line":173,"column":35},"end":{"line":173,"column":41}},"loc":{"start":{"line":173,"column":45},"end":{"line":173,"column":3536}},"line":173},"11":{"name":"(anonymous_11)","decl":{"start":{"line":173,"column":198},"end":{"line":173,"column":199}},"loc":{"start":{"line":173,"column":214},"end":{"line":173,"column":264}},"line":173},"12":{"name":"(anonymous_12)","decl":{"start":{"line":173,"column":834},"end":{"line":173,"column":835}},"loc":{"start":{"line":173,"column":849},"end":{"line":173,"column":885}},"line":173},"13":{"name":"(anonymous_13)","decl":{"start":{"line":173,"column":1568},"end":{"line":173,"column":1569}},"loc":{"start":{"line":173,"column":1583},"end":{"line":173,"column":1620}},"line":173},"14":{"name":"(anonymous_14)","decl":{"start":{"line":173,"column":2213},"end":{"line":173,"column":2214}},"loc":{"start":{"line":173,"column":2228},"end":{"line":173,"column":2263}},"line":173},"15":{"name":"(anonymous_15)","decl":{"start":{"line":173,"column":2827},"end":{"line":173,"column":2828}},"loc":{"start":{"line":173,"column":2842},"end":{"line":173,"column":2876}},"line":173},"16":{"name":"(anonymous_16)","decl":{"start":{"line":173,"column":3457},"end":{"line":173,"column":3458}},"loc":{"start":{"line":173,"column":3473},"end":{"line":173,"column":3495}},"line":173}},"branchMap":{"0":{"loc":{"start":{"line":16,"column":46},"end":{"line":16,"column":92}},"type":"cond-expr","locations":[{"start":{"line":16,"column":70},"end":{"line":16,"column":73}},{"start":{"line":16,"column":76},"end":{"line":16,"column":92}}],"line":16},"1":{"loc":{"start":{"line":16,"column":46},"end":{"line":16,"column":67}},"type":"binary-expr","locations":[{"start":{"line":16,"column":46},"end":{"line":16,"column":49}},{"start":{"line":16,"column":53},"end":{"line":16,"column":67}}],"line":16},"2":{"loc":{"start":{"line":58,"column":6},"end":{"line":62,"column":7}},"type":"if","locations":[{"start":{"line":58,"column":6},"end":{"line":62,"column":7}},{"start":{"line":58,"column":6},"end":{"line":62,"column":7}}],"line":58},"3":{"loc":{"start":{"line":60,"column":24},"end":{"line":60,"column":54}},"type":"binary-expr","locations":[{"start":{"line":60,"column":24},"end":{"line":60,"column":38}},{"start":{"line":60,"column":42},"end":{"line":60,"column":54}}],"line":60},"4":{"loc":{"start":{"line":73,"column":30},"end":{"line":73,"column":64}},"type":"binary-expr","locations":[{"start":{"line":73,"column":30},"end":{"line":73,"column":57}},{"start":{"line":73,"column":61},"end":{"line":73,"column":64}}],"line":73},"5":{"loc":{"start":{"line":92,"column":6},"end":{"line":94,"column":7}},"type":"if","locations":[{"start":{"line":92,"column":6},"end":{"line":94,"column":7}},{"start":{"line":92,"column":6},"end":{"line":94,"column":7}}],"line":92},"6":{"loc":{"start":{"line":171,"column":0},"end":{"line":171,"column":70}},"type":"if","locations":[{"start":{"line":171,"column":0},"end":{"line":171,"column":70}},{"start":{"line":171,"column":0},"end":{"line":171,"column":70}}],"line":171},"7":{"loc":{"start":{"line":172,"column":24},"end":{"line":172,"column":100}},"type":"cond-expr","locations":[{"start":{"line":172,"column":62},"end":{"line":172,"column":84}},{"start":{"line":172,"column":86},"end":{"line":172,"column":100}}],"line":172},"8":{"loc":{"start":{"line":173,"column":92},"end":{"line":173,"column":108}},"type":"binary-expr","locations":[{"start":{"line":173,"column":92},"end":{"line":173,"column":104}},{"start":{"line":173,"column":106},"end":{"line":173,"column":108}}],"line":173},"9":{"loc":{"start":{"line":173,"column":927},"end":{"line":173,"column":1142}},"type":"cond-expr","locations":[{"start":{"line":173,"column":959},"end":{"line":173,"column":1033}},{"start":{"line":173,"column":1034},"end":{"line":173,"column":1142}}],"line":173},"10":{"loc":{"start":{"line":173,"column":1034},"end":{"line":173,"column":1142}},"type":"cond-expr","locations":[{"start":{"line":173,"column":1067},"end":{"line":173,"column":1133}},{"start":{"line":173,"column":1134},"end":{"line":173,"column":1142}}],"line":173},"11":{"loc":{"start":{"line":173,"column":1663},"end":{"line":173,"column":1880}},"type":"cond-expr","locations":[{"start":{"line":173,"column":1696},"end":{"line":173,"column":1770}},{"start":{"line":173,"column":1771},"end":{"line":173,"column":1880}}],"line":173},"12":{"loc":{"start":{"line":173,"column":1771},"end":{"line":173,"column":1880}},"type":"cond-expr","locations":[{"start":{"line":173,"column":1805},"end":{"line":173,"column":1871}},{"start":{"line":173,"column":1872},"end":{"line":173,"column":1880}}],"line":173},"13":{"loc":{"start":{"line":173,"column":2916},"end":{"line":173,"column":3113}},"type":"cond-expr","locations":[{"start":{"line":173,"column":2946},"end":{"line":173,"column":3015}},{"start":{"line":173,"column":3016},"end":{"line":173,"column":3113}}],"line":173},"14":{"loc":{"start":{"line":173,"column":3016},"end":{"line":173,"column":3113}},"type":"cond-expr","locations":[{"start":{"line":173,"column":3043},"end":{"line":173,"column":3104}},{"start":{"line":173,"column":3105},"end":{"line":173,"column":3113}}],"line":173},"15":{"loc":{"start":{"line":173,"column":3134},"end":{"line":173,"column":3214}},"type":"cond-expr","locations":[{"start":{"line":173,"column":3148},"end":{"line":173,"column":3205}},{"start":{"line":173,"column":3206},"end":{"line":173,"column":3214}}],"line":173}},"s":{"0":0,"1":0,"2":0,"3":0,"4":0,"5":0,"6":0,"7":0,"8":0,"9":0,"10":0,"11":0,"12":0,"13":0,"14":0,"15":0,"16":0,"17":0,"18":0,"19":0,"20":0,"21":0,"22":0,"23":0,"24":0,"25":0,"26":0,"27":0,"28":0,"29":0,"30":0,"31":0,"32":0,"33":0,"34":0,"35":0,"36":0,"37":0,"38":0,"39":0,"40":0,"41":0,"42":0,"43":0,"44":0,"45":0},"f":{"0":0,"1":0,"2":0,"3":0,"4":0,"5":0,"6":0,"7":0,"8":0,"9":0,"10":0,"11":0,"12":0,"13":0,"14":0,"15":0,"16":0},"b":{"0":[0,0],"1":[0,0],"2":[0,0],"3":[0,0],"4":[0,0],"5":[0,0],"6":[0,0],"7":[0,0],"8":[0,0],"9":[0,0],"10":[0,0],"11":[0,0],"12":[0,0],"13":[0,0],"14":[0,0],"15":[0,0]}}
,"/Users/eyeline/WebstormProjects/GmmWeb/src/plugins/Translation.js": {"path":"/Users/eyeline/WebstormProjects/GmmWeb/src/plugins/Translation.js","statementMap":{"0":{"start":{"line":7,"column":4},"end":{"line":null,"column":-1}},"1":{"start":{"line":10,"column":4},"end":{"line":null,"column":-1}},"2":{"start":{"line":13,"column":4},"end":{"line":13,"column":11}},"3":{"start":{"line":16,"column":4},"end":{"line":16,"column":8}},"4":{"start":{"line":23,"column":10},"end":{"line":23,"column":29}},"5":{"start":{"line":22,"column":26},"end":{"line":26,"column":4}},"6":{"start":{"line":27,"column":6},"end":{"line":27,"column":5}},"7":{"start":{"line":22,"column":26},"end":{"line":30,"column":4}},"8":{"start":{"line":31,"column":6},"end":{"line":31,"column":5}},"9":{"start":{"line":33,"column":4},"end":{"line":33,"column":3}},"10":{"start":{"line":39,"column":10},"end":{"line":39,"column":17}},"11":{"start":{"line":51,"column":4},"end":{"line":51,"column":3}},"12":{"start":{"line":52,"column":4},"end":{"line":52,"column":19}},"13":{"start":{"line":53,"column":4},"end":{"line":50,"column":34}},"14":{"start":{"line":54,"column":4},"end":{"line":54,"column":3}},"15":{"start":{"line":62,"column":4},"end":{"line":62,"column":38}},"16":{"start":{"line":62,"column":38},"end":{"line":62,"column":44}},"17":{"start":{"line":63,"column":4},"end":{"line":63,"column":24}},"18":{"start":{"line":63,"column":8},"end":{"line":63,"column":24}},"19":{"start":{"line":61,"column":24},"end":{"line":64,"column":4}},"20":{"start":{"line":65,"column":6},"end":{"line":65,"column":11}},"21":{"start":{"line":66,"column":6},"end":{"line":66,"column":5}},"22":{"start":{"line":75,"column":4},"end":{"line":75,"column":68}},"23":{"start":{"line":83,"column":4},"end":{"line":83,"column":3}},"24":{"start":{"line":94,"column":10},"end":{"line":94,"column":16}},"25":{"start":{"line":95,"column":4},"end":{"line":95,"column":38}},"26":{"start":{"line":95,"column":38},"end":{"line":95,"column":44}},"27":{"start":{"line":96,"column":4},"end":{"line":96,"column":49}},"28":{"start":{"line":96,"column":43},"end":{"line":96,"column":49}}},"fnMap":{"0":{"name":"(anonymous_0)","decl":{"start":{"line":64,"column":17},"end":{"line":64,"column":10}},"loc":{"start":{"line":64,"column":17},"end":{"line":64,"column":11}}},"1":{"name":"(anonymous_1)","decl":{"start":{"line":96,"column":43},"end":{"line":96,"column":48}},"loc":{"start":{"line":96,"column":43},"end":{"line":96,"column":49}}}},"branchMap":{"0":{"loc":{"start":{"line":22,"column":26},"end":{"line":26,"column":4}},"type":"if","locations":[{"start":{"line":22,"column":26},"end":{"line":26,"column":4}},{"start":{"line":22,"column":26},"end":{"line":26,"column":4}}]},"1":{"loc":{"start":{"line":22,"column":26},"end":{"line":30,"column":4}},"type":"if","locations":[{"start":{"line":22,"column":26},"end":{"line":30,"column":4}},{"start":{"line":22,"column":26},"end":{"line":30,"column":4}}]},"2":{"loc":{"start":{"line":39,"column":10},"end":{"line":39,"column":16}},"type":"binary-expr","locations":[{"start":{"line":39,"column":10},"end":{"line":39,"column":16}},{"start":{"line":39,"column":10},"end":{"line":39,"column":17}},{"start":{"line":39,"column":17},"end":{"line":39,"column":23}}]},"3":{"loc":{"start":{"line":62,"column":4},"end":{"line":62,"column":38}},"type":"if","locations":[{"start":{"line":62,"column":4},"end":{"line":62,"column":38}},{"start":{"line":62,"column":4},"end":{"line":62,"column":38}}]},"4":{"loc":{"start":{"line":63,"column":4},"end":{"line":63,"column":24}},"type":"if","locations":[{"start":{"line":63,"column":4},"end":{"line":63,"column":24}},{"start":{"line":63,"column":4},"end":{"line":63,"column":24}}]},"5":{"loc":{"start":{"line":65,"column":6},"end":{"line":65,"column":11}},"type":"binary-expr","locations":[{"start":{"line":65,"column":6},"end":{"line":65,"column":11}},{"start":{"line":65,"column":11},"end":{"line":65,"column":5}}]},"6":{"loc":{"start":{"line":95,"column":4},"end":{"line":95,"column":38}},"type":"if","locations":[{"start":{"line":95,"column":4},"end":{"line":95,"column":38}},{"start":{"line":95,"column":4},"end":{"line":95,"column":38}}]}},"s":{"0":1,"1":12,"2":9,"3":4,"4":1,"5":1,"6":1,"7":0,"8":0,"9":0,"10":2,"11":3,"12":3,"13":1,"14":1,"15":4,"16":1,"17":3,"18":1,"19":2,"20":2,"21":2,"22":1,"23":6,"24":0,"25":0,"26":0,"27":0,"28":0},"f":{"0":2,"1":0},"b":{"0":[1,0],"1":[0,0],"2":[2,0,0],"3":[1,3],"4":[1,2],"5":[2,2],"6":[0,0]}}
,"/Users/eyeline/WebstormProjects/GmmWeb/src/plugins/i18n.js": {"path":"/Users/eyeline/WebstormProjects/GmmWeb/src/plugins/i18n.js","statementMap":{"0":{"start":{"line":6,"column":0},"end":{"line":6,"column":3}},"1":{"start":{"line":7,"column":13},"end":{"line":10,"column":12}}},"fnMap":{},"branchMap":{},"s":{"0":2,"1":2},"f":{},"b":{}}
,"/Users/eyeline/WebstormProjects/GmmWeb/src/router/routes.js": {"path":"/Users/eyeline/WebstormProjects/GmmWeb/src/router/routes.js","statementMap":{"0":{"start":{"line":1,"column":13},"end":{"line":1,"column":75}},"1":{"start":{"line":1,"column":90},"end":{"line":1,"column":130}},"2":{"start":{"line":1,"column":147},"end":{"line":1,"column":179}},"3":{"start":{"line":1,"column":199},"end":{"line":1,"column":231}},"4":{"start":{"line":1,"column":270},"end":{"line":1,"column":324}},"5":{"start":{"line":5,"column":2},"end":{"line":5,"column":128}},"6":{"start":{"line":5,"column":22},"end":{"line":5,"column":126}},"7":{"start":{"line":5,"column":75},"end":{"line":5,"column":123}},"8":{"start":{"line":6,"column":1},"end":{"line":39,"column":7}},"9":{"start":{"line":38,"column":4},"end":{"line":38,"column":53}}},"fnMap":{"0":{"name":"_interopRequireDefault","decl":{"start":{"line":1,"column":241},"end":{"line":1,"column":263}},"loc":{"start":{"line":1,"column":269},"end":{"line":1,"column":325}},"line":1},"1":{"name":"load","decl":{"start":{"line":3,"column":9},"end":{"line":3,"column":13}},"loc":{"start":{"line":3,"column":25},"end":{"line":6,"column":1}},"line":3},"2":{"name":"(anonymous_2)","decl":{"start":{"line":5,"column":9},"end":{"line":5,"column":10}},"loc":{"start":{"line":5,"column":21},"end":{"line":5,"column":127}},"line":5},"3":{"name":"(anonymous_3)","decl":{"start":{"line":5,"column":62},"end":{"line":5,"column":63}},"loc":{"start":{"line":5,"column":74},"end":{"line":5,"column":124}},"line":5},"4":{"name":"redirect","decl":{"start":{"line":37,"column":21},"end":{"line":37,"column":29}},"loc":{"start":{"line":37,"column":34},"end":{"line":39,"column":3}},"line":37}},"branchMap":{"0":{"loc":{"start":{"line":1,"column":277},"end":{"line":1,"column":323}},"type":"cond-expr","locations":[{"start":{"line":1,"column":301},"end":{"line":1,"column":304}},{"start":{"line":1,"column":307},"end":{"line":1,"column":323}}],"line":1},"1":{"loc":{"start":{"line":1,"column":277},"end":{"line":1,"column":298}},"type":"binary-expr","locations":[{"start":{"line":1,"column":277},"end":{"line":1,"column":280}},{"start":{"line":1,"column":284},"end":{"line":1,"column":298}}],"line":1}},"s":{"0":0,"1":0,"2":0,"3":0,"4":0,"5":0,"6":0,"7":0,"8":0,"9":0},"f":{"0":0,"1":0,"2":0,"3":0,"4":0},"b":{"0":[0,0],"1":[0,0]}}
,"/Users/eyeline/WebstormProjects/GmmWeb/src/services/Api.js": {"path":"/Users/eyeline/WebstormProjects/GmmWeb/src/services/Api.js","statementMap":{"0":{"start":{"line":3,"column":6},"end":{"line":3,"column":15}},"1":{"start":{"line":11,"column":4},"end":{"line":16,"column":5}},"2":{"start":{"line":17,"column":8},"end":{"line":17,"column":13}},"3":{"start":{"line":19,"column":4},"end":{"line":30,"column":5}},"4":{"start":{"line":20,"column":10},"end":{"line":20,"column":22}},"5":{"start":{"line":21,"column":6},"end":{"line":23,"column":7}},"6":{"start":{"line":22,"column":8},"end":{"line":22,"column":21}},"7":{"start":{"line":24,"column":6},"end":{"line":29,"column":7}},"8":{"start":{"line":25,"column":8},"end":{"line":25,"column":16}},"9":{"start":{"line":26,"column":8},"end":{"line":26,"column":32}},"10":{"start":{"line":28,"column":8},"end":{"line":28,"column":36}},"11":{"start":{"line":34,"column":8},"end":{"line":34,"column":13}},"12":{"start":{"line":35,"column":4},"end":{"line":40,"column":5}},"13":{"start":{"line":41,"column":8},"end":{"line":41,"column":20}},"14":{"start":{"line":42,"column":4},"end":{"line":42,"column":17}},"15":{"start":{"line":46,"column":4},"end":{"line":48,"column":12}},"16":{"start":{"line":47,"column":6},"end":{"line":47,"column":75}}},"fnMap":{"0":{"name":"(anonymous_0)","decl":{"start":{"line":10,"column":14},"end":{"line":null,"column":-1}},"loc":{"start":{"line":10,"column":45},"end":{"line":31,"column":3}}},"1":{"name":"(anonymous_1)","decl":{"start":{"line":19,"column":11},"end":{"line":19,"column":22}},"loc":{"start":{"line":19,"column":11},"end":{"line":30,"column":5}}},"2":{"name":"(anonymous_2)","decl":{"start":{"line":24,"column":16},"end":{"line":24,"column":27}},"loc":{"start":{"line":24,"column":28},"end":{"line":27,"column":7}}},"3":{"name":"(anonymous_3)","decl":{"start":{"line":27,"column":9},"end":{"line":24,"column":6}},"loc":{"start":{"line":27,"column":15},"end":{"line":29,"column":7}}},"4":{"name":"(anonymous_4)","decl":{"start":{"line":33,"column":15},"end":{"line":null,"column":-1}},"loc":{"start":{"line":33,"column":37},"end":{"line":43,"column":3}}},"5":{"name":"(anonymous_5)","decl":{"start":{"line":45,"column":27},"end":{"line":null,"column":-1}},"loc":{"start":{"line":45,"column":39},"end":{"line":49,"column":3}}},"6":{"name":"(anonymous_6)","decl":{"start":{"line":46,"column":11},"end":{"line":46,"column":22}},"loc":{"start":{"line":46,"column":11},"end":{"line":48,"column":5}}}},"branchMap":{"0":{"loc":{"start":{"line":11,"column":4},"end":{"line":16,"column":5}},"type":"if","locations":[{"start":{"line":11,"column":4},"end":{"line":16,"column":5}},{"start":{"line":11,"column":4},"end":{"line":16,"column":5}}]},"1":{"loc":{"start":{"line":21,"column":6},"end":{"line":23,"column":7}},"type":"if","locations":[{"start":{"line":21,"column":6},"end":{"line":23,"column":7}},{"start":{"line":21,"column":6},"end":{"line":23,"column":7}}]},"2":{"loc":{"start":{"line":35,"column":4},"end":{"line":40,"column":5}},"type":"if","locations":[{"start":{"line":35,"column":4},"end":{"line":40,"column":5}},{"start":{"line":35,"column":4},"end":{"line":40,"column":5}}]}},"s":{"0":1,"1":0,"2":0,"3":0,"4":0,"5":0,"6":0,"7":0,"8":0,"9":0,"10":0,"11":0,"12":0,"13":0,"14":0,"15":0,"16":0},"f":{"0":0,"1":0,"2":0,"3":0,"4":0,"5":0,"6":0},"b":{"0":[0,0],"1":[0,0],"2":[0,0]}}
,"/Users/eyeline/WebstormProjects/GmmWeb/src/services/AuthUser.js": {"path":"/Users/eyeline/WebstormProjects/GmmWeb/src/services/AuthUser.js","statementMap":{"0":{"start":{"line":9,"column":4},"end":{"line":11,"column":5}},"1":{"start":{"line":10,"column":6},"end":{"line":10,"column":23}},"2":{"start":{"line":12,"column":4},"end":{"line":12,"column":11}},"3":{"start":{"line":16,"column":4},"end":{"line":27,"column":5}},"4":{"start":{"line":17,"column":6},"end":{"line":null,"column":-1}},"5":{"start":{"line":19,"column":10},"end":{"line":18,"column":21}},"6":{"start":{"line":20,"column":10},"end":{"line":20,"column":14}},"7":{"start":{"line":21,"column":10},"end":{"line":18,"column":21}},"8":{"start":{"line":22,"column":10},"end":{"line":null,"column":-1}},"9":{"start":{"line":24,"column":10},"end":{"line":23,"column":23}},"10":{"start":{"line":25,"column":10},"end":{"line":null,"column":-1}},"11":{"start":{"line":31,"column":4},"end":{"line":31,"column":16}},"12":{"start":{"line":32,"column":4},"end":{"line":32,"column":36}},"13":{"start":{"line":33,"column":4},"end":{"line":33,"column":32}},"14":{"start":{"line":34,"column":4},"end":{"line":34,"column":35}},"15":{"start":{"line":35,"column":4},"end":{"line":35,"column":40}},"16":{"start":{"line":36,"column":4},"end":{"line":36,"column":48}}},"fnMap":{"0":{"name":"(anonymous_0)","decl":{"start":{"line":8,"column":24},"end":{"line":null,"column":-1}},"loc":{"start":{"line":8,"column":24},"end":{"line":13,"column":3}}},"1":{"name":"(anonymous_1)","decl":{"start":{"line":15,"column":16},"end":{"line":null,"column":-1}},"loc":{"start":{"line":15,"column":32},"end":{"line":28,"column":3}}},"2":{"name":"(anonymous_2)","decl":{"start":{"line":16,"column":11},"end":{"line":16,"column":22}},"loc":{"start":{"line":16,"column":11},"end":{"line":27,"column":5}}},"3":{"name":"(anonymous_3)","decl":{"start":{"line":18,"column":14},"end":{"line":18,"column":21}},"loc":{"start":{"line":18,"column":14},"end":{"line":17,"column":6}}},"4":{"name":"(anonymous_4)","decl":{"start":{"line":23,"column":17},"end":{"line":23,"column":23}},"loc":{"start":{"line":23,"column":17},"end":{"line":17,"column":6}}},"5":{"name":"(anonymous_5)","decl":{"start":{"line":30,"column":18},"end":{"line":null,"column":-1}},"loc":{"start":{"line":30,"column":24},"end":{"line":37,"column":3}}}},"branchMap":{"0":{"loc":{"start":{"line":9,"column":4},"end":{"line":11,"column":5}},"type":"if","locations":[{"start":{"line":9,"column":4},"end":{"line":11,"column":5}},{"start":{"line":9,"column":4},"end":{"line":11,"column":5}}]}},"s":{"0":0,"1":0,"2":0,"3":0,"4":0,"5":0,"6":0,"7":0,"8":0,"9":0,"10":0,"11":0,"12":0,"13":0,"14":0,"15":0,"16":0},"f":{"0":0,"1":0,"2":0,"3":0,"4":0,"5":0},"b":{"0":[0,0]}}
}
