TN:
SF:/Users/eyeline/WebstormProjects/GmmWeb/src/App.vue
FN:1,(anonymous_0)
FN:12,_interopRequireDefault
FN:32,render
FNF:3
FNH:0
FNDA:0,(anonymous_0)
FNDA:0,_interopRequireDefault
FNDA:0,render
DA:1,0
DA:4,0
DA:8,0
DA:10,0
DA:12,0
DA:14,0
DA:30,0
DA:31,0
DA:32,0
DA:33,0
LF:10
LH:0
BRDA:12,0,0,0
BRDA:12,0,1,0
BRDA:12,1,0,0
BRDA:12,1,1,0
BRDA:30,2,0,0
BRDA:30,2,1,0
BRDA:31,3,0,0
BRDA:31,3,1,0
BRDA:32,4,0,0
BRDA:32,4,1,0
BRF:10
BRH:0
end_of_record
TN:
SF:/Users/eyeline/WebstormProjects/GmmWeb/src/components/Login.vue
FN:36,data
FN:53,status
FN:59,login
FN:60,(anonymous_5)
FN:64,(anonymous_6)
FN:70,loginSucess
FN:80,loginFail
FN:83,goTo
FNF:8
FNH:1
FNDA:1,data
FNDA:0,status
FNDA:0,login
FNDA:0,(anonymous_5)
FNDA:0,(anonymous_6)
FNDA:0,loginSucess
FNDA:0,loginFail
FNDA:0,goTo
DA:30,1
DA:31,1
DA:37,1
DA:54,0
DA:59,0
DA:60,0
DA:62,0
DA:63,0
DA:65,0
DA:67,0
DA:71,0
DA:72,0
DA:73,0
DA:74,0
DA:76,0
DA:77,0
DA:78,0
DA:81,0
DA:84,0
LF:19
LH:3
BRDA:72,0,0,0
BRDA:72,0,1,0
BRDA:78,1,0,0
BRDA:78,1,1,0
BRF:4
BRH:0
end_of_record
TN:
SF:/Users/eyeline/WebstormProjects/GmmWeb/src/components/TheLanguageSwitcher.vue
FN:19,supportedLanguages
FN:22,currentLanguage
FN:27,changeLanguage
FN:30,(anonymous_4)
FN:34,isCurrentLanguage
FNF:5
FNH:3
FNDA:5,supportedLanguages
FNDA:5,currentLanguage
FNDA:0,changeLanguage
FNDA:0,(anonymous_4)
FNDA:30,isCurrentLanguage
DA:15,1
DA:20,5
DA:23,5
DA:27,0
DA:28,0
DA:29,0
DA:30,0
DA:31,0
DA:35,30
LF:9
LH:4
BRF:0
BRH:0
end_of_record
TN:
SF:/Users/eyeline/WebstormProjects/GmmWeb/src/constants/trans.js
FNF:0
FNH:0
DA:2,2
DA:3,2
LF:2
LH:2
BRF:0
BRH:0
end_of_record
TN:
SF:/Users/eyeline/WebstormProjects/GmmWeb/src/pages/404.vue
FN:1,(anonymous_0)
FN:6,render
FN:7,render
FNF:3
FNH:0
FNDA:0,(anonymous_0)
FNDA:0,render
FNDA:0,render
DA:1,0
DA:4,0
DA:5,0
DA:6,0
DA:7,0
LF:5
LH:0
BRDA:4,0,0,0
BRDA:4,0,1,0
BRDA:5,1,0,0
BRDA:5,1,1,0
BRDA:6,2,0,0
BRDA:6,2,1,0
BRDA:7,3,0,0
BRDA:7,3,1,0
BRF:8
BRH:0
end_of_record
TN:
SF:/Users/eyeline/WebstormProjects/GmmWeb/src/pages/HelloWorld.vue
FNF:0
FNH:0
DA:18,1
LF:1
LH:1
BRF:0
BRH:0
end_of_record
TN:
SF:/Users/eyeline/WebstormProjects/GmmWeb/src/pages/Home.vue
FN:1,(anonymous_0)
FN:18,render
FNF:2
FNH:0
FNDA:0,(anonymous_0)
FNDA:0,render
DA:1,0
DA:4,0
DA:12,0
DA:16,0
DA:17,0
DA:18,0
DA:19,0
LF:7
LH:0
BRDA:16,0,0,0
BRDA:16,0,1,0
BRDA:17,1,0,0
BRDA:17,1,1,0
BRDA:18,2,0,0
BRDA:18,2,1,0
BRF:6
BRH:0
end_of_record
TN:
SF:/Users/eyeline/WebstormProjects/GmmWeb/src/pages/Register.vue
FN:1,(anonymous_0)
FN:16,_interopRequireDefault
FN:21,data
FN:55,getValidationClass
FN:64,saveUser
FN:67,(anonymous_5)
FN:68,(anonymous_6)
FN:75,(anonymous_7)
FN:76,(anonymous_8)
FN:89,validateUser
FN:173,render
FN:173,(anonymous_11)
FN:173,(anonymous_12)
FN:173,(anonymous_13)
FN:173,(anonymous_14)
FN:173,(anonymous_15)
FN:173,(anonymous_16)
FNF:17
FNH:0
FNDA:0,(anonymous_0)
FNDA:0,_interopRequireDefault
FNDA:0,data
FNDA:0,getValidationClass
FNDA:0,saveUser
FNDA:0,(anonymous_5)
FNDA:0,(anonymous_6)
FNDA:0,(anonymous_7)
FNDA:0,(anonymous_8)
FNDA:0,validateUser
FNDA:0,render
FNDA:0,(anonymous_11)
FNDA:0,(anonymous_12)
FNDA:0,(anonymous_13)
FNDA:0,(anonymous_14)
FNDA:0,(anonymous_15)
FNDA:0,(anonymous_16)
DA:1,0
DA:4,0
DA:8,0
DA:10,0
DA:12,0
DA:14,0
DA:16,0
DA:18,0
DA:22,0
DA:56,0
DA:58,0
DA:59,0
DA:65,0
DA:67,0
DA:68,0
DA:69,0
DA:70,0
DA:71,0
DA:73,0
DA:74,0
DA:76,0
DA:77,0
DA:79,0
DA:80,0
DA:82,0
DA:84,0
DA:85,0
DA:90,0
DA:92,0
DA:93,0
DA:171,0
DA:172,0
DA:173,0
DA:174,0
LF:34
LH:0
BRDA:16,0,0,0
BRDA:16,0,1,0
BRDA:16,1,0,0
BRDA:16,1,1,0
BRDA:58,2,0,0
BRDA:58,2,1,0
BRDA:60,3,0,0
BRDA:60,3,1,0
BRDA:73,4,0,0
BRDA:73,4,1,0
BRDA:92,5,0,0
BRDA:92,5,1,0
BRDA:171,6,0,0
BRDA:171,6,1,0
BRDA:172,7,0,0
BRDA:172,7,1,0
BRDA:173,8,0,0
BRDA:173,8,1,0
BRDA:173,9,0,0
BRDA:173,9,1,0
BRDA:173,10,0,0
BRDA:173,10,1,0
BRDA:173,11,0,0
BRDA:173,11,1,0
BRDA:173,12,0,0
BRDA:173,12,1,0
BRDA:173,13,0,0
BRDA:173,13,1,0
BRDA:173,14,0,0
BRDA:173,14,1,0
BRDA:173,15,0,0
BRDA:173,15,1,0
BRF:32
BRH:0
end_of_record
TN:
SF:/Users/eyeline/WebstormProjects/GmmWeb/src/plugins/Translation.js
FN:64,(anonymous_0)
FN:96,(anonymous_1)
FNF:2
FNH:1
FNDA:2,(anonymous_0)
FNDA:0,(anonymous_1)
DA:7,1
DA:10,12
DA:13,9
DA:16,4
DA:22,1
DA:23,1
DA:27,1
DA:31,0
DA:33,0
DA:39,2
DA:51,3
DA:52,3
DA:53,1
DA:54,1
DA:61,2
DA:62,4
DA:63,3
DA:65,2
DA:66,2
DA:75,1
DA:83,6
DA:94,0
DA:95,0
DA:96,0
LF:24
LH:19
BRDA:22,0,0,1
BRDA:22,0,1,0
BRDA:22,1,0,0
BRDA:22,1,1,0
BRDA:39,2,0,2
BRDA:39,2,1,0
BRDA:39,2,2,0
BRDA:62,3,0,1
BRDA:62,3,1,3
BRDA:63,4,0,1
BRDA:63,4,1,2
BRDA:65,5,0,2
BRDA:65,5,1,2
BRDA:95,6,0,0
BRDA:95,6,1,0
BRF:15
BRH:8
end_of_record
TN:
SF:/Users/eyeline/WebstormProjects/GmmWeb/src/plugins/i18n.js
FNF:0
FNH:0
DA:6,2
DA:7,2
LF:2
LH:2
BRF:0
BRH:0
end_of_record
TN:
SF:/Users/eyeline/WebstormProjects/GmmWeb/src/router/routes.js
FN:1,_interopRequireDefault
FN:3,load
FN:5,(anonymous_2)
FN:5,(anonymous_3)
FN:37,redirect
FNF:5
FNH:0
FNDA:0,_interopRequireDefault
FNDA:0,load
FNDA:0,(anonymous_2)
FNDA:0,(anonymous_3)
FNDA:0,redirect
DA:1,0
DA:5,0
DA:6,0
DA:38,0
LF:4
LH:0
BRDA:1,0,0,0
BRDA:1,0,1,0
BRDA:1,1,0,0
BRDA:1,1,1,0
BRF:4
BRH:0
end_of_record
TN:
SF:/Users/eyeline/WebstormProjects/GmmWeb/src/services/Api.js
FN:10,(anonymous_0)
FN:19,(anonymous_1)
FN:24,(anonymous_2)
FN:27,(anonymous_3)
FN:33,(anonymous_4)
FN:45,(anonymous_5)
FN:46,(anonymous_6)
FNF:7
FNH:0
FNDA:0,(anonymous_0)
FNDA:0,(anonymous_1)
FNDA:0,(anonymous_2)
FNDA:0,(anonymous_3)
FNDA:0,(anonymous_4)
FNDA:0,(anonymous_5)
FNDA:0,(anonymous_6)
DA:3,1
DA:11,0
DA:17,0
DA:19,0
DA:20,0
DA:21,0
DA:22,0
DA:24,0
DA:25,0
DA:26,0
DA:28,0
DA:34,0
DA:35,0
DA:41,0
DA:42,0
DA:46,0
DA:47,0
LF:17
LH:1
BRDA:11,0,0,0
BRDA:11,0,1,0
BRDA:21,1,0,0
BRDA:21,1,1,0
BRDA:35,2,0,0
BRDA:35,2,1,0
BRF:6
BRH:0
end_of_record
TN:
SF:/Users/eyeline/WebstormProjects/GmmWeb/src/services/AuthUser.js
FN:8,(anonymous_0)
FN:15,(anonymous_1)
FN:16,(anonymous_2)
FN:18,(anonymous_3)
FN:23,(anonymous_4)
FN:30,(anonymous_5)
FNF:6
FNH:0
FNDA:0,(anonymous_0)
FNDA:0,(anonymous_1)
FNDA:0,(anonymous_2)
FNDA:0,(anonymous_3)
FNDA:0,(anonymous_4)
FNDA:0,(anonymous_5)
DA:9,0
DA:10,0
DA:12,0
DA:16,0
DA:17,0
DA:19,0
DA:20,0
DA:21,0
DA:22,0
DA:24,0
DA:25,0
DA:31,0
DA:32,0
DA:33,0
DA:34,0
DA:35,0
DA:36,0
LF:17
LH:0
BRDA:9,0,0,0
BRDA:9,0,1,0
BRF:2
BRH:0
end_of_record
